This is pdfTeX, Version 3.14159265-2.6-1.40.15 (TeX Live 2014) (preloaded format=pdflatex 2014.12.10)  18 DEC 2014 01:32
entering extended mode
 restricted \write18 enabled.
 %&-line parsing enabled.
**\nonstopmode\input report.tex
(./report.tex (/usr/share/texlive/texmf-dist/tex/latex/base/article.cls
Document Class: article 2007/10/19 v1.4h Standard LaTeX document class
(/usr/share/texlive/texmf-dist/tex/latex/base/size11.clo
File: size11.clo 2007/10/19 v1.4h Standard LaTeX file (size option)
)
\c@part=\count79
\c@section=\count80
\c@subsection=\count81
\c@subsubsection=\count82
\c@paragraph=\count83
\c@subparagraph=\count84
\c@figure=\count85
\c@table=\count86
\abovecaptionskip=\skip41
\belowcaptionskip=\skip42
\bibindent=\dimen102
)
(/usr/share/texlive/texmf-dist/tex/latex/base/fixltx2e.sty
Package: fixltx2e 2006/09/13 v1.1m fixes to LaTeX
LaTeX Info: Redefining \em on input line 420.
)
(/usr/share/texlive/texmf-dist/tex/latex/preprint/fullpage.sty
Package: fullpage 1999/02/23 1.1 (PWD)
\FP@margin=\skip43
)
(/usr/share/texlive/texmf-dist/tex/latex/subfigure/subfigure.sty
Package: subfigure 2002/03/15 v2.1.5 subfigure package
\subfigtopskip=\skip44
\subfigcapskip=\skip45
\subfigcaptopadj=\dimen103
\subfigbottomskip=\skip46
\subfigcapmargin=\dimen104
\subfiglabelskip=\skip47
\c@subfigure=\count87
\c@lofdepth=\count88
\c@subtable=\count89
\c@lotdepth=\count90

****************************************
* Local config file subfigure.cfg used *
****************************************
(/usr/share/texlive/texmf-dist/tex/latex/subfigure/subfigure.cfg)
\subfig@top=\skip48
\subfig@bottom=\skip49
)
(/usr/share/texlive/texmf-dist/tex/latex/graphics/graphicx.sty
Package: graphicx 1999/02/16 v1.0f Enhanced LaTeX Graphics (DPC,SPQR)

(/usr/share/texlive/texmf-dist/tex/latex/graphics/keyval.sty
Package: keyval 1999/03/16 v1.13 key=value parser (DPC)
\KV@toks@=\toks14
)
(/usr/share/texlive/texmf-dist/tex/latex/graphics/graphics.sty
Package: graphics 2009/02/05 v1.0o Standard LaTeX Graphics (DPC,SPQR)

(/usr/share/texlive/texmf-dist/tex/latex/graphics/trig.sty
Package: trig 1999/03/16 v1.09 sin cos tan (DPC)
)
(/usr/share/texlive/texmf-dist/tex/latex/latexconfig/graphics.cfg
File: graphics.cfg 2010/04/23 v1.9 graphics configuration of TeX Live
)
Package graphics Info: Driver file: pdftex.def on input line 91.

(/usr/share/texlive/texmf-dist/tex/latex/pdftex-def/pdftex.def
File: pdftex.def 2011/05/27 v0.06d Graphics/color for pdfTeX

(/usr/share/texlive/texmf-dist/tex/generic/oberdiek/infwarerr.sty
Package: infwarerr 2010/04/08 v1.3 Providing info/warning/error messages (HO)
)
(/usr/share/texlive/texmf-dist/tex/generic/oberdiek/ltxcmds.sty
Package: ltxcmds 2011/11/09 v1.22 LaTeX kernel commands for general use (HO)
)
\Gread@gobject=\count91
))
\Gin@req@height=\dimen105
\Gin@req@width=\dimen106
)
(./report.aux)
\openout1 = `report.aux'.

LaTeX Font Info:    Checking defaults for OML/cmm/m/it on input line 7.
LaTeX Font Info:    ... okay on input line 7.
LaTeX Font Info:    Checking defaults for T1/cmr/m/n on input line 7.
LaTeX Font Info:    ... okay on input line 7.
LaTeX Font Info:    Checking defaults for OT1/cmr/m/n on input line 7.
LaTeX Font Info:    ... okay on input line 7.
LaTeX Font Info:    Checking defaults for OMS/cmsy/m/n on input line 7.
LaTeX Font Info:    ... okay on input line 7.
LaTeX Font Info:    Checking defaults for OMX/cmex/m/n on input line 7.
LaTeX Font Info:    ... okay on input line 7.
LaTeX Font Info:    Checking defaults for U/cmr/m/n on input line 7.
LaTeX Font Info:    ... okay on input line 7.
 (/usr/share/texlive/texmf-dist/tex/context/base/supp-pdf.mkii
[Loading MPS to PDF converter (version 2006.09.02).]
\scratchcounter=\count92
\scratchdimen=\dimen107
\scratchbox=\box26
\nofMPsegments=\count93
\nofMParguments=\count94
\everyMPshowfont=\toks15
\MPscratchCnt=\count95
\MPscratchDim=\dimen108
\MPnumerator=\count96
\makeMPintoPDFobject=\count97
\everyMPtoPDFconversion=\toks16
) (/usr/share/texlive/texmf-dist/tex/generic/oberdiek/pdftexcmds.sty
Package: pdftexcmds 2011/11/29 v0.20 Utility functions of pdfTeX for LuaTeX (HO
)

(/usr/share/texlive/texmf-dist/tex/generic/oberdiek/ifluatex.sty
Package: ifluatex 2010/03/01 v1.3 Provides the ifluatex switch (HO)
Package ifluatex Info: LuaTeX not detected.
)
(/usr/share/texlive/texmf-dist/tex/generic/oberdiek/ifpdf.sty
Package: ifpdf 2011/01/30 v2.3 Provides the ifpdf switch (HO)
Package ifpdf Info: pdfTeX in PDF mode is detected.
)
Package pdftexcmds Info: LuaTeX not detected.
Package pdftexcmds Info: \pdf@primitive is available.
Package pdftexcmds Info: \pdf@ifprimitive is available.
Package pdftexcmds Info: \pdfdraftmode found.
)
(/usr/share/texlive/texmf-dist/tex/latex/oberdiek/epstopdf-base.sty
Package: epstopdf-base 2010/02/09 v2.5 Base part for package epstopdf

(/usr/share/texlive/texmf-dist/tex/latex/oberdiek/grfext.sty
Package: grfext 2010/08/19 v1.1 Manage graphics extensions (HO)

(/usr/share/texlive/texmf-dist/tex/generic/oberdiek/kvdefinekeys.sty
Package: kvdefinekeys 2011/04/07 v1.3 Define keys (HO)
))
(/usr/share/texlive/texmf-dist/tex/latex/oberdiek/kvoptions.sty
Package: kvoptions 2011/06/30 v3.11 Key value format for package options (HO)

(/usr/share/texlive/texmf-dist/tex/generic/oberdiek/kvsetkeys.sty
Package: kvsetkeys 2012/04/25 v1.16 Key value parser (HO)

(/usr/share/texlive/texmf-dist/tex/generic/oberdiek/etexcmds.sty
Package: etexcmds 2011/02/16 v1.5 Avoid name clashes with e-TeX commands (HO)
Package etexcmds Info: Could not find \expanded.
(etexcmds)             That can mean that you are not using pdfTeX 1.50 or
(etexcmds)             that some package has redefined \expanded.
(etexcmds)             In the latter case, load this package earlier.
)))
Package grfext Info: Graphics extension search list:
(grfext)             [.png,.pdf,.jpg,.mps,.jpeg,.jbig2,.jb2,.PNG,.PDF,.JPG,.JPE
G,.JBIG2,.JB2,.eps]
(grfext)             \AppendGraphicsExtensions on input line 452.

(/usr/share/texlive/texmf-dist/tex/latex/latexconfig/epstopdf-sys.cfg
File: epstopdf-sys.cfg 2010/07/13 v1.3 Configuration of (r)epstopdf for TeX Liv
e
))
LaTeX Font Info:    External font `cmex10' loaded for size
(Font)              <12> on input line 12.
LaTeX Font Info:    External font `cmex10' loaded for size
(Font)              <8> on input line 12.
LaTeX Font Info:    External font `cmex10' loaded for size
(Font)              <6> on input line 12.
LaTeX Font Info:    Try loading font information for OMS+cmr on input line 17.

(/usr/share/texlive/texmf-dist/tex/latex/base/omscmr.fd
File: omscmr.fd 1999/05/25 v2.5h Standard LaTeX font definitions
)
LaTeX Font Info:    Font shape `OMS/cmr/m/n' in size <10.95> not available
(Font)              Font shape `OMS/cmsy/m/n' tried instead on input line 17.
LaTeX Font Info:    External font `cmex10' loaded for size
(Font)              <10.95> on input line 18.

<noload.pdf, id=1, 361.35pt x 216.81pt>
File: noload.pdf Graphic file (type pdf)
 <use noload.pdf>
Package pdftex.def Info: noload.pdf used on input line 28.
(pdftex.def)             Requested size: 198.74312pt x 119.24586pt.

<noload_brad.pdf, id=2, 361.35pt x 216.81pt>
File: noload_brad.pdf Graphic file (type pdf)
 <use noload_brad.pdf>
Package pdftex.def Info: noload_brad.pdf used on input line 36.
(pdftex.def)             Requested size: 198.74312pt x 119.24586pt.

<No-load_NL.png, id=3, 899.36pt x 555.07375pt>
File: No-load_NL.png Graphic file (type png)
 <use No-load_NL.png>
Package pdftex.def Info: No-load_NL.png used on input line 39.
(pdftex.def)             Requested size: 224.83945pt x 138.76808pt.

<No-load_L.png, id=5, 823.075pt x 560.0925pt>
File: No-load_L.png Graphic file (type png)
 <use No-load_L.png>
Package pdftex.def Info: No-load_L.png used on input line 42.
(pdftex.def)             Requested size: 205.76823pt x 140.02278pt.
 [1

{/usr/share/texlive/texmf-dist/fonts/map/pdftex/updmap/pdftex.map} <./noload.pd
f> <./noload_brad.pdf

pdfTeX warning: pdflatex (file ./noload_brad.pdf): PDF inclusion: multiple pdfs
 with page group included in a single page
> <./No-load_NL.png> <./No-load_L.png>]
<nofieldNL_brad.pdf, id=35, 361.35pt x 216.81pt>
File: nofieldNL_brad.pdf Graphic file (type pdf)
 <use nofieldNL_brad.pdf>
Package pdftex.def Info: nofieldNL_brad.pdf used on input line 60.
(pdftex.def)             Requested size: 198.74312pt x 119.24586pt.
LaTeX Font Info:    External font `cmex10' loaded for size
(Font)              <9> on input line 60.
LaTeX Font Info:    External font `cmex10' loaded for size
(Font)              <5> on input line 60.

<No-field_NL.png, id=36, 682.04813pt x 433.62pt>
File: No-field_NL.png Graphic file (type png)
 <use No-field_NL.png>
Package pdftex.def Info: No-field_NL.png used on input line 63.
(pdftex.def)             Requested size: 184.15546pt x 117.07896pt.

<load_NL_brad.pdf, id=37, 361.35pt x 216.81pt>
File: load_NL_brad.pdf Graphic file (type pdf)
 <use load_NL_brad.pdf>
Package pdftex.def Info: load_NL_brad.pdf used on input line 74.
(pdftex.def)             Requested size: 198.74312pt x 119.24586pt.

<load_L_brad.pdf, id=38, 361.35pt x 216.81pt>
File: load_L_brad.pdf Graphic file (type pdf)
 <use load_L_brad.pdf>
Package pdftex.def Info: load_L_brad.pdf used on input line 78.
(pdftex.def)             Requested size: 198.74312pt x 119.24586pt.

<Load_NL.png, id=39, 634.62094pt x 402.00188pt>
File: Load_NL.png Graphic file (type png)
 <use Load_NL.png>
Package pdftex.def Info: Load_NL.png used on input line 81.
(pdftex.def)             Requested size: 190.38774pt x 120.60149pt.

<Load_L.png, id=40, 624.08156pt x 417.05812pt>
File: Load_L.png Graphic file (type png)
 <use Load_L.png>
Package pdftex.def Info: Load_L.png used on input line 84.
(pdftex.def)             Requested size: 187.2259pt x 125.1184pt.


LaTeX Warning: `!h' float specifier changed to `!ht'.

[2 <./nofieldNL_brad.pdf> <./No-field_NL.png>]
<field_NL_brad.pdf, id=57, 361.35pt x 216.81pt>
File: field_NL_brad.pdf Graphic file (type pdf)
 <use field_NL_brad.pdf>
Package pdftex.def Info: field_NL_brad.pdf used on input line 129.
(pdftex.def)             Requested size: 198.74312pt x 119.24586pt.

<field_L_brad.pdf, id=58, 361.35pt x 216.81pt>
File: field_L_brad.pdf Graphic file (type pdf)
 <use field_L_brad.pdf>
Package pdftex.def Info: field_L_brad.pdf used on input line 133.
(pdftex.def)             Requested size: 198.74312pt x 119.24586pt.
 [3 <./load_NL_brad.pdf> <./load_L_brad.pdf

pdfTeX warning: pdflatex (file ./load_L_brad.pdf): PDF inclusion: multiple pdfs
 with page group included in a single page
> <./Load_NL.png> <./Load_L.png> <./field_NL_brad.pdf

pdfTeX warning: pdflatex (file ./field_NL_brad.pdf): PDF inclusion: multiple pd
fs with page group included in a single page
> <./field_L_brad.pdf

pdfTeX warning: pdflatex (file ./field_L_brad.pdf): PDF inclusion: multiple pdf
s with page group included in a single page
>] [4] (./report.aux) ) 
Here is how much of TeX's memory you used:
 1799 strings out of 495025
 25857 string characters out of 6181514
 80768 words of memory out of 5000000
 4991 multiletter control sequences out of 15000+600000
 10032 words of font info for 35 fonts, out of 8000000 for 9000
 14 hyphenation exceptions out of 8191
 37i,10n,24p,393b,248s stack positions out of 5000i,500n,10000p,200000b,80000s
</usr/share/texlive/texmf-dist/fonts/type1/public/amsfon
ts/cm/cmbx10.pfb></usr/share/texlive/texmf-dist/fonts/type1/public/amsfonts/cm/
cmbx12.pfb></usr/share/texlive/texmf-dist/fonts/type1/public/amsfonts/cm/cmbx8.
pfb></usr/share/texlive/texmf-dist/fonts/type1/public/amsfonts/cm/cmmi10.pfb></
usr/share/texlive/texmf-dist/fonts/type1/public/amsfonts/cm/cmmi6.pfb></usr/sha
re/texlive/texmf-dist/fonts/type1/public/amsfonts/cm/cmmi8.pfb></usr/share/texl
ive/texmf-dist/fonts/type1/public/amsfonts/cm/cmmi9.pfb></usr/share/texlive/tex
mf-dist/fonts/type1/public/amsfonts/cm/cmr10.pfb></usr/share/texlive/texmf-dist
/fonts/type1/public/amsfonts/cm/cmr12.pfb></usr/share/texlive/texmf-dist/fonts/
type1/public/amsfonts/cm/cmr8.pfb></usr/share/texlive/texmf-dist/fonts/type1/pu
blic/amsfonts/cm/cmr9.pfb></usr/share/texlive/texmf-dist/fonts/type1/public/ams
fonts/cm/cmsy10.pfb></usr/share/texlive/texmf-dist/fonts/type1/public/amsfonts/
cm/cmsy8.pfb>
Output written on report.pdf (4 pages, 1156410 bytes).
PDF statistics:
 136 PDF objects out of 1000 (max. 8388607)
 88 compressed objects within 1 object stream
 0 named destinations out of 1000 (max. 500000)
 61 words of extra memory for PDF output out of 10000 (max. 10000000)

